{"level":"error","message":"Something failed during startup.Something failed during startup.","stack":"Error: Something failed during startup.\n    at Object.<anonymous> (/Users/ashleyrobinson/Sites/Mosh/Node/vidly/app.js:32:7)\n    at Module._compile (internal/modules/cjs/loader.js:1123:30)\n    at Object.Module._extensions..js (internal/modules/cjs/loader.js:1143:10)\n    at Module.load (internal/modules/cjs/loader.js:972:32)\n    at Function.Module._load (internal/modules/cjs/loader.js:872:14)\n    at Function.executeUserEntryPoint [as runMain] (internal/modules/run_main.js:71:12)\n    at internal/main/run_main_module.js:17:47"}
{"level":"error","message":"Something failed during startup.Something failed during startup.","stack":"Error: Something failed during startup.\n    at Object.<anonymous> (/Users/ashleyrobinson/Sites/Mosh/Node/vidly/app.js:32:7)\n    at Module._compile (internal/modules/cjs/loader.js:1123:30)\n    at Object.Module._extensions..js (internal/modules/cjs/loader.js:1143:10)\n    at Module.load (internal/modules/cjs/loader.js:972:32)\n    at Function.Module._load (internal/modules/cjs/loader.js:872:14)\n    at Function.executeUserEntryPoint [as runMain] (internal/modules/run_main.js:71:12)\n    at internal/main/run_main_module.js:17:47"}
{"level":"error","message":"Something failed miserably...Something failed miserably...","stack":"Error: Something failed miserably...\n    at Object.<anonymous> (/Users/ashleyrobinson/Sites/Mosh/Node/vidly/app.js:37:26)\n    at Module._compile (internal/modules/cjs/loader.js:1123:30)\n    at Object.Module._extensions..js (internal/modules/cjs/loader.js:1143:10)\n    at Module.load (internal/modules/cjs/loader.js:972:32)\n    at Function.Module._load (internal/modules/cjs/loader.js:872:14)\n    at Function.executeUserEntryPoint [as runMain] (internal/modules/run_main.js:71:12)\n    at internal/main/run_main_module.js:17:47"}
{"message":"Something failed miserably...","level":"error"}
{"message":"Something failed miserably...","level":"error"}
{"message":"Something failed miserably...","level":"error"}
{"message":"Something failed on startup...","level":"error"}
{"message":"Something failed on startup...","level":"error"}
{"message":"Something failed on startup...","level":"error"}
{"message":"Could not get genres...","level":"error"}
{"message":"next is not defined","level":"error"}
{"message":"Unexpected token } in JSON at position 6","level":"error"}
{"message":"Connected to MongoDB","level":"info"}
{"message":"Connected to MongoDB","level":"info"}
{"message":"Connected to MongoDB","level":"info"}
{"message":"Connected to MongoDB","level":"info"}
{"message":"Connected to MongoDB","level":"info"}
{"message":"next is not defined","level":"error"}
{"message":"Connected to MongoDB","level":"info"}
{"message":"Connected to MongoDB","level":"info"}
{"message":"Connected to MongoDB","level":"info"}
{"message":"Connected to MongoDB","level":"info"}
{"message":"Connected to MongoDB","level":"info"}
{"message":"Connected to MongoDB","level":"info"}
{"message":"Connected to MongoDB","level":"info"}
{"message":"Connected to MongoDB","level":"info"}
{"message":"Connected to MongoDB","level":"info"}
{"message":"Connected to MongoDB","level":"info"}
{"message":"Connected to MongoDB","level":"info"}
{"message":"Connected to MongoDB","level":"info"}
{"message":"Listening on port 3000, environment: development","level":"info"}
{"message":"Connected to MongoDB","level":"info"}
{"message":"Listening on port 3000, environment: development","level":"info"}
{"message":"Connected to MongoDB","level":"info"}
